<?xml version="1.0" encoding="UTF-8"?>
<!-- Generated by org.testng.reporters.JUnitReportReporter -->
<testsuite hostname="DESKTOP-7RC7B43" failures="0" tests="1" name="ekarPackage.TestCase1" time="12.278" errors="0" timestamp="2023-09-04T03:22:31 PKT" skipped="0">
  <testcase classname="ekarPackage.TestCase1" name="testMthod1" time="12.278"/>
</testsuite> <!-- ekarPackage.TestCase1 -->
