<?xml version="1.0" encoding="UTF-8"?>
<!-- Generated by org.testng.reporters.JUnitReportReporter -->
<testsuite hostname="DESKTOP-7RC7B43" failures="0" tests="1" name="ekarPackage.verifyHeaderText" time="0.002" errors="0" timestamp="2023-09-04T03:14:32 PKT" skipped="0">
  <testcase classname="ekarPackage.verifyHeaderText" name="verifyImageScreenHeaderText" time="0.002"/>
</testsuite> <!-- ekarPackage.verifyHeaderText -->
